2024-08-16 10:06:44,189 - INFO - BEGIN (implicit)
2024-08-16 10:06:44,191 - INFO - PRAGMA main.table_info("songs")
2024-08-16 10:06:44,192 - INFO - [raw sql] ()
2024-08-16 10:06:44,196 - INFO - COMMIT
2024-08-16 10:06:44,222 - INFO - BEGIN (implicit)
2024-08-16 10:06:44,240 - INFO - SELECT songs.id AS songs_id, songs.title AS songs_title, songs.author AS songs_author, songs.added_date AS songs_added_date 
FROM songs 
WHERE songs.title = ?
 LIMIT ? OFFSET ?
2024-08-16 10:06:44,298 - INFO - SELECT songs.id AS songs_id, songs.title AS songs_title, songs.author AS songs_author, songs.added_date AS songs_added_date 
FROM songs 
WHERE songs.title = ?
 LIMIT ? OFFSET ?
2024-08-16 10:06:44,341 - INFO - SELECT songs.id AS songs_id, songs.title AS songs_title, songs.author AS songs_author, songs.added_date AS songs_added_date 
FROM songs 
WHERE songs.title = ?
 LIMIT ? OFFSET ?
2024-08-16 10:06:44,344 - INFO - [cached since 0.1056s ago] ('SAVE THE WORLD', 1, 0)
2024-08-16 10:06:44,348 - INFO - SELECT songs.id AS songs_id, songs.title AS songs_title, songs.author AS songs_author, songs.added_date AS songs_added_date 
FROM songs 
WHERE songs.title = ?
 LIMIT ? OFFSET ?
2024-08-16 10:06:44,351 - INFO - [cached since 0.1124s ago] ('Trust in you', 1, 0)
2024-08-16 10:06:44,356 - INFO - SELECT songs.id AS songs_id, songs.title AS songs_title, songs.author AS songs_author, songs.added_date AS songs_added_date 
FROM songs 
WHERE songs.title = ?
 LIMIT ? OFFSET ?
2024-08-16 10:06:44,359 - INFO - [cached since 0.1203s ago] ('Day to Story', 1, 0)
2024-08-16 10:06:44,363 - INFO - COMMIT
